epoch,acc,loss,val_acc,val_loss
0,0.24611121,2.26168603366802,0.28407866,2.1927453813881708
1,0.4362596,1.799382927463367,0.57543105,1.6171162436748374
2,0.5999911,1.4164344008399872,0.72306037,1.2036228262144943
3,0.7144198,1.1111737134608817,0.8125,0.9148054801184555
4,0.7900501,0.8827414198785397,0.86112607,0.722468990704109
5,0.8326033,0.732092292518111,0.88631463,0.5858089255875555
6,0.8658144,0.6058285349536066,0.90207434,0.4908962943430605
7,0.8832916,0.5358869599012916,0.9127155,0.42992931244702176
8,0.8986233,0.4729593186137204,0.9187769,0.393250439187576
9,0.9092616,0.42999371082182114,0.92551184,0.36497122922848013
10,0.9151171,0.4080155165777764,0.9298222,0.34429391858906583
11,0.9189165,0.38553583017726417,0.93318963,0.3277457446373742
12,0.9272752,0.36167012109497293,0.93601835,0.3159568155633992
13,0.9341141,0.3371722699970076,0.9393858,0.30313111173695534
14,0.93634903,0.32558407506212955,0.9428879,0.29442232487530545
15,0.9395226,0.31858070083089063,0.94248384,0.2896719842121519
16,0.9412659,0.3070782293376909,0.9454472,0.2830918449266204
17,0.9465403,0.2919753330904406,0.94692886,0.2774274223323526
18,0.9446183,0.290075200109816,0.94881463,0.2710419700577341
19,0.95029503,0.27770848433446654,0.94881463,0.26838438110104923
20,0.95125,0.2726636953864779,0.94948816,0.26383908298508874
21,0.9543502,0.2593501758776042,0.95043105,0.2624369204558175
22,0.95464283,0.2602051645517349,0.95164335,0.2575018038523608
23,0.9560508,0.2529506632025166,0.9527209,0.25445382168580744
24,0.9565975,0.25119799373402657,0.9528556,0.2503077816860429
25,0.9593688,0.24128199816709253,0.9554149,0.2478790599210509
26,0.9611568,0.23647265448758667,0.9550108,0.24581419162709137
27,0.9633917,0.2278053171355887,0.9552802,0.24518192662247296
28,0.9649115,0.22796617454990556,0.95568424,0.24212232643160328
29,0.96634185,0.217174862421371,0.95568424,0.24015762888152023
30,0.96419644,0.22680076369217464,0.95689654,0.23793481007732195
31,0.96585214,0.2145102972726945,0.9578394,0.23698375142853836
32,0.96647596,0.2124207452480426,0.958917,0.2352657451711852
33,0.9672805,0.21338114969934566,0.9587823,0.23426525834305534
34,0.9687556,0.2079765470024087,0.9587823,0.23266607548656135
35,0.9703125,0.20167130036013467,0.95932114,0.23215644652473516
36,0.97086465,0.20223674126638974,0.95945585,0.23076088109920764
37,0.97295725,0.1910588764321627,0.96039873,0.2294671317112857
38,0.9727338,0.19569833744793527,0.96039873,0.22675216917333932
39,0.97353834,0.19118867052298377,0.9595905,0.22576790033229466
40,0.97438765,0.18773602281447155,0.9595905,0.22562548736559934
41,0.97389597,0.18648430543616826,0.9598599,0.22503892627769503
42,0.9764885,0.17903535262791945,0.960264,0.22442249748213539
43,0.9748346,0.18323525450704095,0.9610722,0.22352968567404255
44,0.97765064,0.17465547926360286,0.9621498,0.22231735841467462
45,0.97808033,0.17236111879348756,0.9608028,0.2215875186796846
46,0.97748834,0.17482945281376003,0.9622845,0.22066113468388032
47,0.9780529,0.16918807071126596,0.96241915,0.2204491677212304
48,0.97966206,0.16603187813584927,0.9621498,0.2192945105248484
49,0.98051137,0.1641580965573089,0.9610722,0.21963099338885012
50,0.98091364,0.1618490393917782,0.9612069,0.2198183611035347
51,0.97861606,0.16683680989912578,0.96241915,0.2183252141393464
52,0.9806212,0.16224238720902226,0.9620151,0.21907287155245914
53,0.9820758,0.15743375694135764,0.96147627,0.21908866267265945
54,0.98113716,0.15974267856307006,0.96349674,0.21610009130732766
55,0.98200893,0.15472350499459675,0.9633621,0.21755195447597012
56,0.9824114,0.1593199681892132,0.9630927,0.21625928593606786
57,0.9825228,0.15401772713801867,0.96390086,0.2148858478357052
58,0.9819417,0.1525321322169049,0.96363145,0.21589342928652105
59,0.98381907,0.14986010256274834,0.96376616,0.21482665990961008
60,0.98413193,0.14746222655834548,0.96457434,0.21270771645780268
61,0.9844643,0.14663826537983757,0.9641703,0.21249185977824803
62,0.9829932,0.14806536517335742,0.9632274,0.21392898197317944
63,0.98441964,0.14504599234887533,0.96443963,0.21166870511811356
64,0.9852047,0.14290284077276724,0.96470904,0.21182942801508411
65,0.9852941,0.14265100033705677,0.96511316,0.21144189351591572
66,0.98702115,0.13846869175707488,0.9656519,0.21164701236733074
67,0.9873949,0.13712463991098064,0.96592134,0.21037177677298413
68,0.9864563,0.14024358750156954,0.9656519,0.20959840483706574
69,0.98761845,0.13685379293892946,0.96578664,0.20981075922990666
70,0.98772323,0.1331138991883823,0.96497846,0.2095481253646571
71,0.9876477,0.13413815368653795,0.9664601,0.20870883287540798
72,0.98816967,0.13359631781067166,0.9656519,0.20971830060769772
73,0.98833364,0.13126187957523547,0.964305,0.210709973655898
74,0.98900414,0.13046523090468606,0.9641703,0.21060008273042483
75,0.9875134,0.13152253759556076,0.9641703,0.21098189171532106
76,0.9885124,0.1311181431408754,0.96511316,0.21028114880981116
77,0.9889147,0.12813320360849992,0.96470904,0.20948412641882896
78,0.9905686,0.12196359336749185,0.96457434,0.21045715798591746
79,0.9873056,0.12944168476902393,0.96470904,0.21056051077000026
80,0.9891382,0.12611860309136524,0.96470904,0.20837116665367422
81,0.9898981,0.12221688141917449,0.96524787,0.20919492660925307
82,0.9898981,0.12531306473786388,0.96443963,0.2088192892742568
83,0.99102676,0.1193851815376963,0.96457434,0.20925100571636496
84,0.99015397,0.12151704252171679,0.9653825,0.2075727955791457
85,0.9904018,0.12067619574921472,0.96484375,0.2099862874581896
86,0.9905686,0.11977455000501827,0.96511316,0.21036417435469298
87,0.99064624,0.11865829247974641,0.96524787,0.20858777198812056
88,0.9913731,0.11656616202156125,0.96511316,0.2075879671450319
89,0.99125,0.11641573041677475,0.96619076,0.20840944709448977
90,0.99073577,0.11642907257233517,0.9667295,0.20698511202273698
91,0.99101555,0.1164241382389616,0.96592134,0.20606799089703068
92,0.9925353,0.11191880490098681,0.96592134,0.20663541915087863
93,0.9926247,0.11271851923701036,0.96578664,0.20541317015886307
94,0.99231184,0.11159962087992199,0.9664601,0.2053013650764679
95,0.9919095,0.11345532010849742,0.96605605,0.2046254509738807
96,0.9929376,0.11070528966267293,0.9664601,0.2056869531756845
97,0.9924459,0.11205534513353044,0.96619076,0.20438289012888383
98,0.9916071,0.11418247503893716,0.96605605,0.20389600573428746
99,0.99292874,0.11093075622528034,0.9655172,0.20422537432148538
100,0.9934822,0.1084509323324476,0.9667295,0.20446453346260662
101,0.9931164,0.10809049546857138,0.9668642,0.20488008060332003
102,0.9939657,0.10736941325468431,0.9665948,0.20331386553830114
103,0.9934293,0.10785236085610038,0.96713364,0.20360524207353592
104,0.9939657,0.1047931422815646,0.96699893,0.20385629722270474
105,0.9940998,0.10387033117668969,0.9667295,0.20514518741903634
106,0.9930717,0.10664017093793322,0.9663254,0.20411102049823465
107,0.99471897,0.1027875145703202,0.96713364,0.20431553418266363
108,0.99494904,0.10018139082226411,0.967403,0.20287774516076879
109,0.9930717,0.10629002617772994,0.9668642,0.20469575670772586
110,0.99441963,0.10322850546666554,0.9678071,0.204198255749612
111,0.9940104,0.10370540904637507,0.967403,0.202816734796968
112,0.99450207,0.10044586304665123,0.96726835,0.2035789831445135
113,0.99423385,0.10189103294512293,0.967403,0.20188751251533113
114,0.99427855,0.1004707039244461,0.9668642,0.20150200817091712
115,0.99449515,0.09964842595509461,0.9675377,0.20078614842275094
116,0.9957983,0.0963925935838211,0.9676724,0.20157150140610233
117,0.99441963,0.1019446576493127,0.96699893,0.20096764893367372
118,0.9946808,0.09912204412330823,0.96699893,0.2024132653043188
119,0.99418914,0.10016666734536177,0.9680765,0.2001606747508049
120,0.9955301,0.09573204063535824,0.9668642,0.20093067131679634
121,0.9953066,0.0961536265045122,0.9679418,0.19964332017919112
122,0.9945468,0.0976532896004528,0.9675377,0.20009844056491194
123,0.99494904,0.09706914088534431,0.96713364,0.20059675710468455
124,0.99485964,0.09598356614583041,0.96699893,0.20119976766150574
125,0.995435,0.0952449112762442,0.9665948,0.20064196787003813
126,0.99598217,0.09377827001469476,0.9668642,0.19890443479706502
127,0.99521124,0.09388446481081478,0.9656519,0.20031718665669704
128,0.99535716,0.09470402215208326,0.9664601,0.19974284195180597
129,0.9962006,0.09185678945198567,0.96713364,0.20022578216318426
130,0.99566424,0.09343089721730585,0.9667295,0.2012584344323339
131,0.9954407,0.0931148315712759,0.967403,0.19994142921320324
132,0.9953513,0.0928462485966136,0.96619076,0.20100172583399148
133,0.995843,0.09201945194229551,0.967403,0.19868083593660388
134,0.99557483,0.09185193412721253,0.967403,0.1989063236477046
135,0.9954854,0.09326220835158933,0.9676724,0.1970903459807922
136,0.99534553,0.09284776948309696,0.9680765,0.1978108112154336
137,0.99544644,0.09066944224493845,0.9679418,0.19691582036943273
138,0.9959324,0.08966706914571793,0.9683459,0.1957349838881657
139,0.9959771,0.08989653352967064,0.96821123,0.19620548625444545
140,0.9966476,0.0868380971462062,0.9690194,0.19463114902890963
141,0.9965135,0.08691272943354071,0.96875,0.19596240142809934
142,0.9968264,0.08779506665206054,0.96821123,0.19742070048533636
143,0.9967817,0.08594561441094296,0.9686153,0.19684967218801894
144,0.9965582,0.0866041537310982,0.96928877,0.19653501361608505
145,0.996737,0.08653331298601558,0.9690194,0.19564716903300122
146,0.9966029,0.0862632945323809,0.9679418,0.19617914254295415
147,0.9959771,0.08720781255947037,0.96875,0.1945654546906208
148,0.9973147,0.08467093553971612,0.9684806,0.1965460118291707
149,0.9971393,0.08343199860446465,0.9684806,0.19536731905978302
150,0.99665177,0.08520169309207372,0.9695582,0.1934356735698108
151,0.9965135,0.08560270058907317,0.9688847,0.19404806479297834
152,0.9961559,0.08561430808343892,0.96821123,0.19298755788597569
153,0.9966881,0.08403181854463418,0.96875,0.1932062090470873
154,0.99625,0.08582901252167566,0.967403,0.19479145803328218
155,0.99691194,0.08328632721754116,0.9678071,0.193773672626964
156,0.9964732,0.08390187731810979,0.9683459,0.19256165096985883
157,0.9973147,0.08281000670761862,0.9695582,0.19151156485594553
158,0.9963839,0.08392564296722411,0.9698276,0.19107955874040208
159,0.99704987,0.08319901625564012,0.9695582,0.19076872141710643
160,0.9967817,0.08106039919794383,0.9690194,0.19097623974084854
161,0.9973181,0.0813413862809712,0.9680765,0.191196798250593
162,0.9969158,0.08150094213893667,0.9688847,0.1925427650326285
163,0.99696046,0.08109018046741256,0.9695582,0.19179445762058783
164,0.9961559,0.08213942968875207,0.96875,0.19172180199931407
165,0.9964688,0.08131237045908239,0.9699623,0.1881577710396257
166,0.9967817,0.08095617667200228,0.9696929,0.18892785392958542
167,0.99754155,0.0783004393821408,0.9698276,0.18887164482268795
168,0.99754155,0.07858637753249963,0.970097,0.18842954419810196
169,0.99704987,0.08035237713915577,0.9699623,0.1884710841394704
170,0.9974522,0.0777359848241569,0.9698276,0.18852845142627583
171,0.99754155,0.07847070858620497,0.96928877,0.18947289473023907
172,0.9974075,0.07757534563871779,0.9695582,0.18903325215495867
173,0.99776506,0.07685398360111197,0.9695582,0.1898651159015195
174,0.99700516,0.07740328734816879,0.97036636,0.19019408357040635
175,0.9973181,0.0775302730150349,0.9691541,0.19032160089961414
176,0.9978545,0.07619844659851208,0.9690194,0.1887125295811686
177,0.9969158,0.07973313537284255,0.9691541,0.18870904425094867
178,0.99772036,0.07566686315089331,0.9694235,0.18684830786339168
179,0.99704987,0.07699462159303823,0.9698276,0.1859830416225154
180,0.99767566,0.07552063413165495,0.9696929,0.18858209971723885
181,0.99754155,0.07524918292857402,0.9690194,0.18743774834378013
182,0.99767566,0.07534204284486842,0.9698276,0.1887715338119145
183,0.99704987,0.07577206395285385,0.9694235,0.19007475789764833
184,0.9980333,0.07357815835586967,0.9694235,0.18961208519236794
185,0.9980333,0.07413096993298388,0.9695582,0.1888875857252499
186,0.99749684,0.07442002361029221,0.9691541,0.1873288599067721
187,0.9980333,0.07356980054286433,0.97023165,0.18795803420502563
188,0.9978545,0.07315386228174126,0.970097,0.18855522534456745
189,0.9968264,0.07611038967308963,0.9698276,0.18836973697460932
190,0.99780977,0.07303441631203578,0.9706358,0.1850335397597017
191,0.9979886,0.07260942809455577,0.9707705,0.1861843457766648
192,0.99758625,0.07296679213166173,0.970097,0.1854745740520543
193,0.99776506,0.07221620874910689,0.97023165,0.18712271737127467
194,0.99848026,0.07076435501777313,0.9698276,0.18670191551590787
195,0.99704987,0.07409195205499464,0.97130924,0.18510655480726013
196,0.9980779,0.07183818942065447,0.97023165,0.18451519952765827
197,0.9979886,0.07102220735400942,0.9695582,0.18444307315452346
198,0.9978545,0.0712037461466958,0.97023165,0.18654765317152286
199,0.9979439,0.07061794759889163,0.96928877,0.18584621093910317
200,0.9966923,0.0725619441656612,0.9686153,0.18542790644127746
201,0.9978992,0.06991147602550804,0.9694235,0.18542156715331407
202,0.99830145,0.06968906255904835,0.97050107,0.18511417418204504
203,0.9973181,0.07198320663819346,0.9686153,0.18459713780160608
204,0.9977232,0.07021288556712015,0.96928877,0.1839449054979045
205,0.99776226,0.0701678013485732,0.97023165,0.18274842254046736
206,0.9979886,0.06918373594988698,0.96875,0.18371808914275006
207,0.99825895,0.06868832253984043,0.9695582,0.1842251598578075
208,0.99767274,0.07070096887413357,0.9691541,0.18379273625283404
209,0.99834615,0.06909643565470261,0.9688847,0.18483415824072114
210,0.9979886,0.0691189457196659,0.96928877,0.1825736210007092
211,0.99848026,0.06741820215038594,0.9691541,0.18296820952974516
212,0.9979911,0.06880927799003465,0.9691541,0.18490898185249033
213,0.9978518,0.06900487956949408,0.9686153,0.18426587265627137
214,0.9980333,0.06734630132209588,0.9691541,0.1839749701321125
215,0.998659,0.06602414170020002,0.9683459,0.18521618200787182
216,0.99825674,0.06654084961739483,0.9684806,0.18508336076448703
217,0.99848026,0.06676758169706917,0.9684806,0.18281829305763903
218,0.99834615,0.06713409880374341,0.9690194,0.18179214424614248
219,0.99776506,0.06671023825088597,0.9684806,0.18285522494336653
220,0.9984375,0.06538120282547814,0.9684806,0.18361441495603528
221,0.99888253,0.06447802156998564,0.9690194,0.1817038208246231
222,0.9977175,0.06651512982981994,0.9691541,0.18263145870175854
223,0.9982143,0.06514702790549823,0.9686153,0.18370730031667085
224,0.99767566,0.06729104244925352,0.9690194,0.18252725141315623
225,0.99865735,0.06451491905376983,0.9694235,0.18136594033446804
226,0.99767566,0.06582437572081955,0.96928877,0.18195431872174658
227,0.99834615,0.06468678787803578,0.96875,0.18040037553372054
228,0.99843556,0.06379977072711156,0.9695582,0.17816851622071758
229,0.99834824,0.06373597911425999,0.9694235,0.17938395602435903
230,0.9986143,0.064292761179654,0.9695582,0.179032897255544
231,0.9987021,0.06283509457331168,0.9698276,0.17926131124640332
232,0.998125,0.0645832553931645,0.96928877,0.18037464790816965
233,0.99843556,0.06266331649289646,0.9691541,0.17969603271319948
234,0.9979439,0.06412618841870023,0.9691541,0.17975980120486226
235,0.99856967,0.06265040659294899,0.9691541,0.18111302780693975
236,0.99812263,0.06320422187503497,0.9690194,0.18088024276597747
237,0.99780977,0.06411783763532368,0.9686153,0.17912690264397654
238,0.99807554,0.06372551829812563,0.9695582,0.1781708437564044
239,0.99816734,0.06229521934560474,0.96875,0.1784928324150628
240,0.9978992,0.06294580848197188,0.9694235,0.17799222148184118
241,0.99834615,0.062415820656182106,0.9699623,0.17670856711679492
242,0.9988378,0.061512038751107175,0.9698276,0.17712807013043042
243,0.99834615,0.061228282322040424,0.9691541,0.1773776688195508
244,0.998125,0.06279209626572473,0.9696929,0.17625976758527345
245,0.99847835,0.06118295769011445,0.9694235,0.1766399078328034
246,0.9987484,0.0611888981693528,0.9699623,0.1779586534047949
247,0.99856967,0.06097453494999014,0.9699623,0.17571009618454966
248,0.9987946,0.05911943188735417,0.96821123,0.17767171035039014
249,0.99830145,0.06034276617470121,0.9690194,0.17647763958265042
250,0.99892586,0.05982782755872702,0.9691541,0.17816959385728015
251,0.9985268,0.06004339141505105,0.9694235,0.17766494291095897
252,0.997986,0.06160739251681544,0.9691541,0.17698203894341813
253,0.99745536,0.062010163962841036,0.9698276,0.17660444473911976
254,0.9983888,0.05991849051158231,0.970097,0.17605252165732713
255,0.99866074,0.05928540661931038,0.9699623,0.17603970993438672
256,0.99901664,0.058227781766528375,0.9694235,0.17726642034690956
257,0.9983888,0.0594871064219217,0.9690194,0.17729233597116223
258,0.99848026,0.05795471375815114,0.9688847,0.1764375751773859
259,0.99875,0.05804241572107587,0.96875,0.1779508038969903
260,0.99892586,0.05786198092710575,0.9695582,0.1765086782518132
261,0.99875,0.05808600053191185,0.97036636,0.17508139358512287
262,0.99879164,0.05720320073277495,0.9709052,0.1745795699414508
263,0.9991071,0.057066039166280204,0.9696929,0.17567482950358554
264,0.998659,0.057577070954440424,0.9698276,0.17634720149739036
265,0.9989706,0.057363055297632054,0.97023165,0.17379353555112048
266,0.99910605,0.05627291900286111,0.97036636,0.1733742231053525
267,0.99901664,0.056138774905944586,0.97130924,0.17201178379613777
268,0.99866074,0.0574504608128752,0.9706358,0.17286685982654834
269,0.9987484,0.05673123521128516,0.9695582,0.17467246435839553
270,0.9985678,0.057060510739737454,0.9698276,0.1736750046497789
271,0.9988378,0.0565134941773606,0.9695582,0.17432762117221437
272,0.99830145,0.056446032625590246,0.9698276,0.17324745892707644
273,0.9987053,0.05585532703569957,0.9696929,0.17363950276169285
274,0.99892724,0.05512230177642236,0.970097,0.17506418152359024
275,0.99848026,0.057278822402120295,0.9691541,0.1732334404669959
276,0.99901664,0.055319764340140194,0.9699623,0.1734835890860393
277,0.9987931,0.055271762794380896,0.97036636,0.17305028143114057
278,0.9987037,0.056090909154443265,0.970097,0.1717847316557991
279,0.9988811,0.05469220105960106,0.9699623,0.17143012249264225
280,0.9991071,0.05402059114405087,0.9706358,0.17190007698433152
281,0.9991049,0.05421670318394099,0.97023165,0.1721454500381289
282,0.99915177,0.05437929909144129,0.9696929,0.17453850304772114
283,0.9991497,0.05364067874571413,0.9695582,0.17335374801066414
284,0.99848217,0.05446158781647682,0.9696929,0.1723604235669662
285,0.99897194,0.053592590646791304,0.96928877,0.17507579447380428
286,0.9988378,0.05386014749613555,0.9696929,0.17407421690636668
287,0.9988378,0.05417423658226143,0.96928877,0.17220070771872997
288,0.99946296,0.05277142467259336,0.97050107,0.17158456300867014
289,0.99848217,0.05410233840346337,0.97036636,0.17168421420300828
290,0.9990154,0.05330859196151921,0.97050107,0.17024571686212359
291,0.9987037,0.053208182089799376,0.9710399,0.16846727573409162
292,0.9989732,0.052552627154758995,0.9707705,0.16956118680536747
293,0.9987931,0.053547011528163484,0.9699623,0.16947253395257325
294,0.99888253,0.05271344399987191,0.97144395,0.1688544018001392
295,0.9991954,0.05222463197160253,0.9706358,0.16729692857840966
296,0.9989706,0.052517836936140976,0.9707705,0.1674096150131061
297,0.9987037,0.0527913222545996,0.97144395,0.1662170002558108
298,0.9987053,0.052419603488274985,0.9711746,0.16558227919299026
299,0.9993742,0.05094187173791911,0.9707705,0.16769402159442162
300,0.99897194,0.05162615064133925,0.97036636,0.16630515366278845
301,0.9986143,0.052810716521525754,0.9711746,0.16733017403247027
302,0.9990154,0.0518817227491172,0.97036636,0.16845753050312914
303,0.99848026,0.051687511427791905,0.9711746,0.16590128774786816
304,0.99883926,0.05083006396889687,0.97050107,0.16586324701021457
305,0.9987931,0.05090532847509473,0.97036636,0.16682121209029493
306,0.99848026,0.052074756220864965,0.97171336,0.16451286775027885
307,0.99888253,0.051218417858621336,0.970097,0.1651435599758707
308,0.99910605,0.050038229831957805,0.97023165,0.16588226416758423
309,0.99901664,0.05029451823764211,0.97023165,0.16620542218202147
310,0.99906135,0.0500724253186584,0.970097,0.16680375852718435
311,0.99897194,0.05084478321216965,0.97144395,0.16561315683969136
312,0.9986143,0.05073209199371693,0.9711746,0.1685945112258196
313,0.99892586,0.05015701518420396,0.9710399,0.1663126314123129
314,0.9987484,0.04981978689086431,0.9706358,0.1655883641335471
315,0.9989732,0.04983892132128988,0.97050107,0.16597272038202862
316,0.9988378,0.049957394751776914,0.97157866,0.16460835728152046
317,0.99843556,0.050431917101309974,0.97171336,0.1644551706468237
318,0.99888253,0.049689208811933956,0.97144395,0.16519063762549696
319,0.9987469,0.04899909611854061,0.9718481,0.16304168561152343
320,0.9991954,0.048640596940274235,0.97171336,0.1635591685771942
321,0.99933034,0.048411724801574435,0.9711746,0.16507463414093543
322,0.99897194,0.0486932973312965,0.9709052,0.16376855384943814
323,0.9993287,0.0480302872574387,0.9709052,0.1640961866440444
324,0.9989732,0.048699255415371484,0.9709052,0.16597313318273116
325,0.99897194,0.04873562977916862,0.9711746,0.1665720959547265
326,0.99906135,0.04843552746498135,0.97050107,0.1656770537896403
327,0.9993742,0.04698077928033089,0.9709052,0.16512550490683522
328,0.99892724,0.048185120685228865,0.9706358,0.16553096691596098
329,0.99892724,0.04755890910125218,0.9695582,0.1666332308588357
330,0.99901664,0.047744521960794616,0.9709052,0.16556968739063577
331,0.9992848,0.04715178671264487,0.97023165,0.16589690513651947
332,0.99906135,0.04691946253329702,0.97171336,0.16371865699003482
333,0.9995524,0.04614616600837261,0.97144395,0.1637476508601986
334,0.9987946,0.047674464221511566,0.9699623,0.1638944696249633
335,0.99906135,0.047330173101804346,0.97130924,0.16248853851495118
336,0.99915075,0.04644863094269281,0.97130924,0.1614617289782598
337,0.99910605,0.046630934942510374,0.9718481,0.1617702796798328
338,0.9988378,0.04695572760558908,0.9710399,0.1631721399467567
339,0.99888253,0.04627930154617967,0.9709052,0.16372789635226645
340,0.9991954,0.045606199347565775,0.97157866,0.16127387093829698
341,0.9993295,0.04543823627736729,0.97171336,0.16071126198974148
342,0.99906135,0.046059435168532635,0.9711746,0.16200138557830762
343,0.9988364,0.046126409190031005,0.9709052,0.1627268540062781
344,0.9989732,0.04645593477146966,0.9711746,0.16168096924907174
345,0.99892724,0.045729096631217936,0.97238684,0.16122571083492246
346,0.9993742,0.044955407901892355,0.97238684,0.162112339624557
347,0.99906135,0.04544829336159369,0.9711746,0.16193356531961212
348,0.99915075,0.0449190890649958,0.97171336,0.16333032187459798
349,0.9992401,0.04425855956927685,0.97171336,0.16176279236016602
350,0.99915075,0.045585863274899614,0.9721175,0.16209724847355794
351,0.9991954,0.044524076890454144,0.9718481,0.16074024712474183
352,0.99888253,0.04459860959670933,0.97225213,0.16032223981516114
353,0.99906135,0.04512089912308556,0.9711746,0.16006233761536665
354,0.99901664,0.04427154067602031,0.9710399,0.1609980788338801
355,0.998659,0.04536299162637392,0.9706358,0.16090870815618286
356,0.9986143,0.04657891296927967,0.9706358,0.1620114473304872
357,0.99901664,0.044664693851441534,0.9709052,0.16038744421354656
358,0.99915075,0.043765748346958094,0.9711746,0.16058474393754169
359,0.99897194,0.04427186140133511,0.9710399,0.16007818191729742
360,0.99901664,0.043865812430516266,0.9718481,0.15940650565357045
361,0.9993295,0.0433946261114156,0.9721175,0.15833029729025117
362,0.9991954,0.043435669823982795,0.97225213,0.1590119624703095
363,0.9992848,0.04323122696210037,0.9711746,0.15750685231439
364,0.9993742,0.04349814829743443,0.97130924,0.15842064238827805
365,0.99915177,0.04347948342561722,0.97157866,0.1582313106106273
366,0.9988811,0.04332031306603605,0.97157866,0.15759672160292493
367,0.9993742,0.043004279213228316,0.9719828,0.15652114332749925
368,0.9993742,0.04247217966137388,0.97157866,0.1580921520061534
369,0.9994636,0.04192717222707676,0.9719828,0.15925621318406072
370,0.9987484,0.0433366762608391,0.97144395,0.15728266582149883
371,0.9990625,0.042549733434404644,0.97171336,0.15785327194065885
372,0.9992839,0.04220863001409757,0.97171336,0.15738736947291884
373,0.9992848,0.042566522217896675,0.9721175,0.15857564246860043
374,0.99897194,0.04294535939710076,0.97157866,0.15723451676553693
375,0.99897194,0.04315577820076641,0.97238684,0.15745547208292732
376,0.9992401,0.04189911843060211,0.9719828,0.15922514830940757
377,0.9992848,0.04144495720769454,0.9719828,0.15780190095819277
378,0.99906135,0.04255825896718603,0.9719828,0.1569694934477066
379,0.99910605,0.042480309511656926,0.9711746,0.15733056451226102
380,0.9993295,0.04130518279107807,0.9711746,0.157120899072495
381,0.99915075,0.04149654152492238,0.97252154,0.15461722253982363
382,0.9992401,0.0410741243412195,0.97292566,0.15485039680939297
383,0.9987037,0.04281957155526825,0.97144395,0.15598026778677415
384,0.9991954,0.041689318334179236,0.97279096,0.1532950241375586
385,0.9995083,0.04027770407366003,0.97265625,0.15274937887643947
386,0.99901664,0.04137071906713026,0.97171336,0.1538585069878348
387,0.99906135,0.04118357064998706,0.97171336,0.1542319734420242
388,0.99897194,0.0416791165051404,0.97225213,0.1549321666102985
389,0.9991071,0.04072580561041832,0.9733297,0.1549596387636045
390,0.9994182,0.04005429714203222,0.97238684,0.15330870924838658
391,0.9992848,0.040436155706425586,0.97225213,0.15429502455838795
392,0.9990625,0.04035644622785704,0.97238684,0.15380654201425356
393,0.9994182,0.03979142275437142,0.9718481,0.1535251566433701
394,0.9992401,0.039789512267926715,0.973195,0.15283405029311262
395,0.9993295,0.04004624692315858,0.97238684,0.1552847863399777
396,0.9992401,0.03960962552792396,0.97157866,0.15460947400023198
397,0.99897194,0.040598225131585605,0.9709052,0.15716439247902098
398,0.9993742,0.03967880767558803,0.9718481,0.1544693010891306
399,0.9992857,0.04013743651764733,0.97238684,0.1552817526690919
400,0.99937344,0.03936770693870842,0.97130924,0.15395227871064482
401,0.9994196,0.039256940675633296,0.97157866,0.15441934115670877
402,0.9992839,0.038935090046051876,0.9718481,0.15357123167607292
403,0.99897194,0.04129273425298131,0.97252154,0.153837317472388
404,0.9991954,0.03934579750500658,0.9721175,0.15186195987565765
405,0.9994189,0.039051496979777,0.97238684,0.1514526820131417
406,0.9995089,0.03863096975854465,0.9721175,0.1511547912939869
407,0.9993742,0.03818749325360251,0.97144395,0.15212611443009869
408,0.9993742,0.038339334776021916,0.97157866,0.1528297884325529
409,0.9993742,0.038384689804417664,0.97144395,0.1539079374152011
410,0.9995524,0.037988946913493776,0.9718481,0.15233740107766514
411,0.9992848,0.03889813726002258,0.9709052,0.15343600794159132
412,0.9991954,0.0386246633715095,0.9709052,0.15142963068752452
413,0.9992857,0.038209184046302525,0.97144395,0.15249837337639824
414,0.9994182,0.03772633346421207,0.9707705,0.15522793063829685
415,0.99933034,0.03817782529762813,0.9718481,0.15114770270884037
416,0.9995077,0.03780342746930143,0.97157866,0.15226996060589265
417,0.99901664,0.03939117004086799,0.9718481,0.1503629764734671
418,0.99915075,0.03789108281533172,0.97144395,0.15149250613718196
419,0.99910605,0.03855320935292596,0.97252154,0.1506217208787285
420,0.999375,0.037276246547698975,0.97157866,0.15195198825977999
421,0.9994636,0.03680922020471162,0.9721175,0.15299595821777295
422,0.99923915,0.036930025043349475,0.97225213,0.15141574531022844
423,0.999375,0.03655662123646055,0.97157866,0.1510540315688684
424,0.9990154,0.0378177399826101,0.97225213,0.15063955127422152
425,0.9994636,0.036582471965683094,0.97238684,0.1496974597845612
426,0.9994189,0.03679958626230948,0.97265625,0.1488242645202012
427,0.9994189,0.03662037205343359,0.97359914,0.14869378905357986
428,0.9995083,0.03643948642276234,0.97306037,0.14840636800589233
429,0.9995977,0.035864677206254615,0.97252154,0.14895233736726746
430,0.9994643,0.03603456603629249,0.97252154,0.15086600531277986
431,0.9988811,0.03750495636629623,0.97225213,0.15098199633688764
432,0.9991964,0.03713364545788084,0.97292566,0.14955219729193325
433,0.9993287,0.0363814419137452,0.97225213,0.1497416802649868
434,0.9991954,0.03760163773077024,0.97252154,0.1502705288344416
435,0.99915177,0.03667909262435777,0.9721175,0.1518754348929586
436,0.9993295,0.03588761777037396,0.97279096,0.15168109022337814
437,0.9992839,0.035962338858433106,0.97238684,0.1509697631258389
438,0.99933034,0.035933311326163155,0.9721175,0.1499686000290616
439,0.9998212,0.035039431470948,0.9718481,0.14901258629457703
440,0.9994636,0.03553187506113201,0.97238684,0.1479674496142001
441,0.9993295,0.035883224113840505,0.97238684,0.149580675337849
442,0.9995083,0.03512276788407844,0.97225213,0.1469705776022426
443,0.99964195,0.035021123482661995,0.97279096,0.14850484059545502
444,0.9991954,0.03522617504301724,0.9733297,0.147199680707578
445,0.99906135,0.03541308503625283,0.97292566,0.14819836057722569
446,0.99955356,0.034949504541499275,0.97292566,0.14888138426788922
447,0.9992401,0.035169286557153366,0.97359914,0.14653320475642023
448,0.99923915,0.03572062038970898,0.9742726,0.14568038772920083
449,0.99973214,0.03405307022588593,0.97306037,0.14669327514952626
450,0.99946296,0.03471850539996788,0.97400326,0.14693282589573284
451,0.9991071,0.03539951360651425,0.97306037,0.146478908586091
452,0.9991954,0.035371727809834816,0.97265625,0.14727295119443845
453,0.999553,0.033894643162212496,0.9721175,0.14792052065504008
454,0.9994182,0.03513069198968011,0.97252154,0.14914668929474106
455,0.99955356,0.03374426475593022,0.97238684,0.14640632676410265
456,0.999553,0.03394719938256863,0.9718481,0.14631270797088228
457,0.999553,0.03369050083061503,0.97225213,0.1463419210551114
458,0.9992848,0.03497566119363925,0.97265625,0.14625824191446962
459,0.9995083,0.034124289009698106,0.97157866,0.14758674074606648
460,0.9992839,0.03433769318114098,0.97279096,0.14719374362250853
461,0.9995089,0.03440915221614497,0.97306037,0.1465283557130345
462,0.99923915,0.03442665981345554,0.9734644,0.1445389024527936
463,0.9992857,0.033904228657484055,0.9733297,0.14492262418157068
464,0.99968714,0.03298020951220745,0.97292566,0.14513954462419296
465,0.9997318,0.03304403517165466,0.9734644,0.14535764168048726
466,0.9991049,0.03424492658833172,0.973195,0.1452249164596714
467,0.9994196,0.03341808502163206,0.9721175,0.14685687030954608
468,0.9994636,0.03358226246437787,0.97279096,0.14713664783229088
469,0.99901664,0.0346897294847756,0.97306037,0.14700159038706073
470,0.9992848,0.033918657746241254,0.9733297,0.14646431026530676
471,0.9993742,0.03358515756843812,0.97359914,0.1466446654421502
472,0.99964195,0.03276168202432496,0.97359914,0.14591484381977854
473,0.99964285,0.0323240637672799,0.97292566,0.14698501535016914
474,0.9992839,0.03306861866346897,0.97292566,0.1464088186621666
475,0.99964243,0.032113046941343926,0.97279096,0.1460887037602992
476,0.9989732,0.034021242282220296,0.97306037,0.14506581483473038
477,0.99906015,0.03337687917715262,0.973195,0.14443730614308653
478,0.9992857,0.03351034167621817,0.97306037,0.1436012894685926
479,0.9992848,0.03286852023399262,0.97373384,0.1437874752385863
480,0.9991954,0.03364647788257233,0.9742726,0.14252141304314137
481,0.9993287,0.03246605587603689,0.9733297,0.14237464116565113
482,0.99955356,0.032409405761531423,0.97252154,0.14520488229805026
483,0.9994636,0.0323045332382398,0.97252154,0.14345833370140915
484,0.9993295,0.03238471169154588,0.97306037,0.1433579571031291
485,0.9992839,0.03284178100088848,0.97292566,0.14365138704406805
486,0.9995083,0.03212377256964414,0.97265625,0.1442058519299688
487,0.9991964,0.03236390723713807,0.97306037,0.14353297130558
488,0.99977624,0.030781405932222308,0.9733297,0.14457550259499713
489,0.99955356,0.03181479755256857,0.97292566,0.14372715806781217
490,0.9992401,0.032809680376728725,0.97252154,0.14416704953102202
491,0.99901664,0.03262314603236202,0.9734644,0.14346775447885537
492,0.9997765,0.030746048096891763,0.97225213,0.14457358696080488
493,0.9994636,0.0313197073876197,0.97225213,0.14485758928389386
494,0.9994636,0.031798307464691006,0.97265625,0.1449063479386527
495,0.9995083,0.03089733557079914,0.97279096,0.14465717515298004
496,0.9992839,0.03195252816562601,0.97238684,0.14732491925101857
497,0.99924105,0.03183548871959959,0.97252154,0.1447663047061912
498,0.999821,0.030728319456425356,0.97279096,0.14426847393142767
499,0.9995089,0.031088134699634142,0.97373384,0.14175056486294188
